F

Failures:

  1) Users should create a user
     Failure/Error: click_button "submit"
     ActiveRecord::StatementInvalid:
       PG::CharacterNotInRepertoire: ERROR:  invalid byte sequence for encoding "UTF8": 0xc6 0x7f
       : INSERT INTO "users" ("created_at", "email", "updated_at") VALUES ($1, $2, $3) RETURNING "id"
     # /Users/ymmtmdk/.rvm/gems/ruby-head/gems/activerecord-4.1.6/lib/active_record/connection_adapters/postgresql_adapter.rb:834:in `get_last_result'
     # /Users/ymmtmdk/.rvm/gems/ruby-head/gems/activerecord-4.1.6/lib/active_record/connection_adapters/postgresql_adapter.rb:834:in `block in exec_cache'
     # /Users/ymmtmdk/.rvm/gems/ruby-head/gems/activerecord-4.1.6/lib/active_record/connection_adapters/abstract_adapter.rb:373:in `block in log'
     # /Users/ymmtmdk/.rvm/gems/ruby-head/gems/activesupport-4.1.6/lib/active_support/notifications/instrumenter.rb:20:in `instrument'
     # /Users/ymmtmdk/.rvm/gems/ruby-head/gems/activerecord-4.1.6/lib/active_record/connection_adapters/abstract_adapter.rb:367:in `log'
     # /Users/ymmtmdk/.rvm/gems/ruby-head/gems/activerecord-4.1.6/lib/active_record/connection_adapters/postgresql_adapter.rb:831:in `exec_cache'
     # /Users/ymmtmdk/.rvm/gems/ruby-head/gems/activerecord-4.1.6/lib/active_record/connection_adapters/postgresql/database_statements.rb:138:in `exec_query'
     # /Users/ymmtmdk/.rvm/gems/ruby-head/gems/activerecord-4.1.6/lib/active_record/connection_adapters/postgresql/database_statements.rb:177:in `exec_insert'
     # /Users/ymmtmdk/.rvm/gems/ruby-head/gems/activerecord-4.1.6/lib/active_record/connection_adapters/abstract/database_statements.rb:95:in `insert'
     # /Users/ymmtmdk/.rvm/gems/ruby-head/gems/activerecord-4.1.6/lib/active_record/connection_adapters/abstract/query_cache.rb:14:in `insert'
     # /Users/ymmtmdk/.rvm/gems/ruby-head/gems/activerecord-4.1.6/lib/active_record/relation.rb:64:in `insert'
     # /Users/ymmtmdk/.rvm/gems/ruby-head/gems/activerecord-4.1.6/lib/active_record/persistence.rb:503:in `_create_record'
     # /Users/ymmtmdk/.rvm/gems/ruby-head/gems/activerecord-4.1.6/lib/active_record/attribute_methods/dirty.rb:87:in `_create_record'
     # /Users/ymmtmdk/.rvm/gems/ruby-head/gems/activerecord-4.1.6/lib/active_record/callbacks.rb:306:in `block in _create_record'
     # /Users/ymmtmdk/.rvm/gems/ruby-head/gems/activesupport-4.1.6/lib/active_support/callbacks.rb:82:in `run_callbacks'
     # /Users/ymmtmdk/.rvm/gems/ruby-head/gems/activerecord-4.1.6/lib/active_record/callbacks.rb:306:in `_create_record'
     # /Users/ymmtmdk/.rvm/gems/ruby-head/gems/activerecord-4.1.6/lib/active_record/timestamp.rb:57:in `_create_record'
     # /Users/ymmtmdk/.rvm/gems/ruby-head/gems/activerecord-4.1.6/lib/active_record/persistence.rb:483:in `create_or_update'
     # /Users/ymmtmdk/.rvm/gems/ruby-head/gems/activerecord-4.1.6/lib/active_record/callbacks.rb:302:in `block in create_or_update'
     # /Users/ymmtmdk/.rvm/gems/ruby-head/gems/activesupport-4.1.6/lib/active_support/callbacks.rb:113:in `call'
     # /Users/ymmtmdk/.rvm/gems/ruby-head/gems/activesupport-4.1.6/lib/active_support/callbacks.rb:113:in `call'
     # /Users/ymmtmdk/.rvm/gems/ruby-head/gems/activesupport-4.1.6/lib/active_support/callbacks.rb:166:in `block in halting'
     # /Users/ymmtmdk/.rvm/gems/ruby-head/gems/activesupport-4.1.6/lib/active_support/callbacks.rb:86:in `call'
     # /Users/ymmtmdk/.rvm/gems/ruby-head/gems/activesupport-4.1.6/lib/active_support/callbacks.rb:86:in `run_callbacks'
     # /Users/ymmtmdk/.rvm/gems/ruby-head/gems/activerecord-4.1.6/lib/active_record/callbacks.rb:302:in `create_or_update'
     # /Users/ymmtmdk/.rvm/gems/ruby-head/gems/activerecord-4.1.6/lib/active_record/persistence.rb:103:in `save'
     # /Users/ymmtmdk/.rvm/gems/ruby-head/gems/activerecord-4.1.6/lib/active_record/validations.rb:51:in `save'
     # /Users/ymmtmdk/.rvm/gems/ruby-head/gems/activerecord-4.1.6/lib/active_record/attribute_methods/dirty.rb:21:in `save'
     # /Users/ymmtmdk/.rvm/gems/ruby-head/gems/activerecord-4.1.6/lib/active_record/transactions.rb:268:in `block (2 levels) in save'
     # /Users/ymmtmdk/.rvm/gems/ruby-head/gems/activerecord-4.1.6/lib/active_record/transactions.rb:329:in `block in with_transaction_returning_status'
     # /Users/ymmtmdk/.rvm/gems/ruby-head/gems/activerecord-4.1.6/lib/active_record/connection_adapters/abstract/database_statements.rb:201:in `block in transaction'
     # /Users/ymmtmdk/.rvm/gems/ruby-head/gems/activerecord-4.1.6/lib/active_record/connection_adapters/abstract/database_statements.rb:209:in `within_new_transaction'
     # /Users/ymmtmdk/.rvm/gems/ruby-head/gems/activerecord-4.1.6/lib/active_record/connection_adapters/abstract/database_statements.rb:201:in `transaction'
     # /Users/ymmtmdk/.rvm/gems/ruby-head/gems/activerecord-4.1.6/lib/active_record/transactions.rb:208:in `transaction'
     # /Users/ymmtmdk/.rvm/gems/ruby-head/gems/activerecord-4.1.6/lib/active_record/transactions.rb:326:in `with_transaction_returning_status'
     # /Users/ymmtmdk/.rvm/gems/ruby-head/gems/activerecord-4.1.6/lib/active_record/transactions.rb:268:in `block in save'
     # /Users/ymmtmdk/.rvm/gems/ruby-head/gems/activerecord-4.1.6/lib/active_record/transactions.rb:283:in `rollback_active_record_state!'
     # /Users/ymmtmdk/.rvm/gems/ruby-head/gems/activerecord-4.1.6/lib/active_record/transactions.rb:267:in `save'
     # ./app/controllers/users_controller.rb:30:in `block in create'
     # /Users/ymmtmdk/.rvm/gems/ruby-head/gems/actionpack-4.1.6/lib/action_controller/metal/mime_responds.rb:433:in `call'
     # /Users/ymmtmdk/.rvm/gems/ruby-head/gems/actionpack-4.1.6/lib/action_controller/metal/mime_responds.rb:433:in `retrieve_collector_from_mimes'
     # /Users/ymmtmdk/.rvm/gems/ruby-head/gems/actionpack-4.1.6/lib/action_controller/metal/mime_responds.rb:256:in `respond_to'
     # ./app/controllers/users_controller.rb:29:in `create'
     # /Users/ymmtmdk/.rvm/gems/ruby-head/gems/actionpack-4.1.6/lib/action_controller/metal/implicit_render.rb:4:in `send_action'
     # /Users/ymmtmdk/.rvm/gems/ruby-head/gems/actionpack-4.1.6/lib/abstract_controller/base.rb:189:in `process_action'
     # /Users/ymmtmdk/.rvm/gems/ruby-head/gems/actionpack-4.1.6/lib/action_controller/metal/rendering.rb:10:in `process_action'
     # /Users/ymmtmdk/.rvm/gems/ruby-head/gems/actionpack-4.1.6/lib/abstract_controller/callbacks.rb:20:in `block in process_action'
     # /Users/ymmtmdk/.rvm/gems/ruby-head/gems/activesupport-4.1.6/lib/active_support/callbacks.rb:113:in `call'
     # /Users/ymmtmdk/.rvm/gems/ruby-head/gems/activesupport-4.1.6/lib/active_support/callbacks.rb:113:in `call'
     # /Users/ymmtmdk/.rvm/gems/ruby-head/gems/activesupport-4.1.6/lib/active_support/callbacks.rb:149:in `block in halting_and_conditional'
     # /Users/ymmtmdk/.rvm/gems/ruby-head/gems/activesupport-4.1.6/lib/active_support/callbacks.rb:229:in `call'
     # /Users/ymmtmdk/.rvm/gems/ruby-head/gems/activesupport-4.1.6/lib/active_support/callbacks.rb:229:in `block in halting'
     # /Users/ymmtmdk/.rvm/gems/ruby-head/gems/activesupport-4.1.6/lib/active_support/callbacks.rb:229:in `call'
     # /Users/ymmtmdk/.rvm/gems/ruby-head/gems/activesupport-4.1.6/lib/active_support/callbacks.rb:229:in `block in halting'
     # /Users/ymmtmdk/.rvm/gems/ruby-head/gems/activesupport-4.1.6/lib/active_support/callbacks.rb:166:in `call'
     # /Users/ymmtmdk/.rvm/gems/ruby-head/gems/activesupport-4.1.6/lib/active_support/callbacks.rb:166:in `block in halting'
     # /Users/ymmtmdk/.rvm/gems/ruby-head/gems/activesupport-4.1.6/lib/active_support/callbacks.rb:166:in `call'
     # /Users/ymmtmdk/.rvm/gems/ruby-head/gems/activesupport-4.1.6/lib/active_support/callbacks.rb:166:in `block in halting'
     # /Users/ymmtmdk/.rvm/gems/ruby-head/gems/activesupport-4.1.6/lib/active_support/callbacks.rb:166:in `call'
     # /Users/ymmtmdk/.rvm/gems/ruby-head/gems/activesupport-4.1.6/lib/active_support/callbacks.rb:166:in `block in halting'
     # /Users/ymmtmdk/.rvm/gems/ruby-head/gems/activesupport-4.1.6/lib/active_support/callbacks.rb:86:in `call'
     # /Users/ymmtmdk/.rvm/gems/ruby-head/gems/activesupport-4.1.6/lib/active_support/callbacks.rb:86:in `run_callbacks'
     # /Users/ymmtmdk/.rvm/gems/ruby-head/gems/actionpack-4.1.6/lib/abstract_controller/callbacks.rb:19:in `process_action'
     # /Users/ymmtmdk/.rvm/gems/ruby-head/gems/actionpack-4.1.6/lib/action_controller/metal/rescue.rb:29:in `process_action'
     # /Users/ymmtmdk/.rvm/gems/ruby-head/gems/actionpack-4.1.6/lib/action_controller/metal/instrumentation.rb:31:in `block in process_action'
     # /Users/ymmtmdk/.rvm/gems/ruby-head/gems/activesupport-4.1.6/lib/active_support/notifications.rb:159:in `block in instrument'
     # /Users/ymmtmdk/.rvm/gems/ruby-head/gems/activesupport-4.1.6/lib/active_support/notifications/instrumenter.rb:20:in `instrument'
     # /Users/ymmtmdk/.rvm/gems/ruby-head/gems/activesupport-4.1.6/lib/active_support/notifications.rb:159:in `instrument'
     # /Users/ymmtmdk/.rvm/gems/ruby-head/gems/actionpack-4.1.6/lib/action_controller/metal/instrumentation.rb:30:in `process_action'
     # /Users/ymmtmdk/.rvm/gems/ruby-head/gems/actionpack-4.1.6/lib/action_controller/metal/params_wrapper.rb:250:in `process_action'
     # /Users/ymmtmdk/.rvm/gems/ruby-head/gems/activerecord-4.1.6/lib/active_record/railties/controller_runtime.rb:18:in `process_action'
     # /Users/ymmtmdk/.rvm/gems/ruby-head/gems/actionpack-4.1.6/lib/abstract_controller/base.rb:136:in `process'
     # /Users/ymmtmdk/.rvm/gems/ruby-head/gems/actionview-4.1.6/lib/action_view/rendering.rb:30:in `process'
     # /Users/ymmtmdk/.rvm/gems/ruby-head/gems/actionpack-4.1.6/lib/action_controller/metal.rb:196:in `dispatch'
     # /Users/ymmtmdk/.rvm/gems/ruby-head/gems/actionpack-4.1.6/lib/action_controller/metal/rack_delegation.rb:13:in `dispatch'
     # /Users/ymmtmdk/.rvm/gems/ruby-head/gems/actionpack-4.1.6/lib/action_controller/metal.rb:232:in `block in action'
     # /Users/ymmtmdk/.rvm/gems/ruby-head/gems/actionpack-4.1.6/lib/action_dispatch/routing/route_set.rb:82:in `call'
     # /Users/ymmtmdk/.rvm/gems/ruby-head/gems/actionpack-4.1.6/lib/action_dispatch/routing/route_set.rb:82:in `dispatch'
     # /Users/ymmtmdk/.rvm/gems/ruby-head/gems/actionpack-4.1.6/lib/action_dispatch/routing/route_set.rb:50:in `call'
     # /Users/ymmtmdk/.rvm/gems/ruby-head/gems/actionpack-4.1.6/lib/action_dispatch/journey/router.rb:73:in `block in call'
     # /Users/ymmtmdk/.rvm/gems/ruby-head/gems/actionpack-4.1.6/lib/action_dispatch/journey/router.rb:59:in `each'
     # /Users/ymmtmdk/.rvm/gems/ruby-head/gems/actionpack-4.1.6/lib/action_dispatch/journey/router.rb:59:in `call'
     # /Users/ymmtmdk/.rvm/gems/ruby-head/gems/actionpack-4.1.6/lib/action_dispatch/routing/route_set.rb:678:in `call'
     # /Users/ymmtmdk/.rvm/gems/ruby-head/gems/rack-1.5.2/lib/rack/etag.rb:23:in `call'
     # /Users/ymmtmdk/.rvm/gems/ruby-head/gems/rack-1.5.2/lib/rack/conditionalget.rb:35:in `call'
     # /Users/ymmtmdk/.rvm/gems/ruby-head/gems/rack-1.5.2/lib/rack/head.rb:11:in `call'
     # /Users/ymmtmdk/.rvm/gems/ruby-head/gems/actionpack-4.1.6/lib/action_dispatch/middleware/params_parser.rb:27:in `call'
     # /Users/ymmtmdk/.rvm/gems/ruby-head/gems/actionpack-4.1.6/lib/action_dispatch/middleware/flash.rb:254:in `call'
     # /Users/ymmtmdk/.rvm/gems/ruby-head/gems/rack-1.5.2/lib/rack/session/abstract/id.rb:225:in `context'
     # /Users/ymmtmdk/.rvm/gems/ruby-head/gems/rack-1.5.2/lib/rack/session/abstract/id.rb:220:in `call'
     # /Users/ymmtmdk/.rvm/gems/ruby-head/gems/actionpack-4.1.6/lib/action_dispatch/middleware/cookies.rb:560:in `call'
     # /Users/ymmtmdk/.rvm/gems/ruby-head/gems/activerecord-4.1.6/lib/active_record/query_cache.rb:36:in `call'
     # /Users/ymmtmdk/.rvm/gems/ruby-head/gems/activerecord-4.1.6/lib/active_record/connection_adapters/abstract/connection_pool.rb:621:in `call'
     # /Users/ymmtmdk/.rvm/gems/ruby-head/gems/actionpack-4.1.6/lib/action_dispatch/middleware/callbacks.rb:29:in `block in call'
     # /Users/ymmtmdk/.rvm/gems/ruby-head/gems/activesupport-4.1.6/lib/active_support/callbacks.rb:82:in `run_callbacks'
     # /Users/ymmtmdk/.rvm/gems/ruby-head/gems/actionpack-4.1.6/lib/action_dispatch/middleware/callbacks.rb:27:in `call'
     # /Users/ymmtmdk/.rvm/gems/ruby-head/gems/actionpack-4.1.6/lib/action_dispatch/middleware/remote_ip.rb:76:in `call'
     # /Users/ymmtmdk/.rvm/gems/ruby-head/gems/actionpack-4.1.6/lib/action_dispatch/middleware/debug_exceptions.rb:17:in `call'
     # /Users/ymmtmdk/.rvm/gems/ruby-head/gems/actionpack-4.1.6/lib/action_dispatch/middleware/show_exceptions.rb:30:in `call'
     # /Users/ymmtmdk/.rvm/gems/ruby-head/gems/railties-4.1.6/lib/rails/rack/logger.rb:38:in `call_app'
     # /Users/ymmtmdk/.rvm/gems/ruby-head/gems/railties-4.1.6/lib/rails/rack/logger.rb:20:in `block in call'
     # /Users/ymmtmdk/.rvm/gems/ruby-head/gems/activesupport-4.1.6/lib/active_support/tagged_logging.rb:68:in `block in tagged'
     # /Users/ymmtmdk/.rvm/gems/ruby-head/gems/activesupport-4.1.6/lib/active_support/tagged_logging.rb:26:in `tagged'
     # /Users/ymmtmdk/.rvm/gems/ruby-head/gems/activesupport-4.1.6/lib/active_support/tagged_logging.rb:68:in `tagged'
     # /Users/ymmtmdk/.rvm/gems/ruby-head/gems/railties-4.1.6/lib/rails/rack/logger.rb:20:in `call'
     # /Users/ymmtmdk/.rvm/gems/ruby-head/gems/actionpack-4.1.6/lib/action_dispatch/middleware/request_id.rb:21:in `call'
     # /Users/ymmtmdk/.rvm/gems/ruby-head/gems/rack-1.5.2/lib/rack/methodoverride.rb:21:in `call'
     # /Users/ymmtmdk/.rvm/gems/ruby-head/gems/rack-1.5.2/lib/rack/runtime.rb:17:in `call'
     # /Users/ymmtmdk/.rvm/gems/ruby-head/gems/activesupport-4.1.6/lib/active_support/cache/strategy/local_cache_middleware.rb:26:in `call'
     # /Users/ymmtmdk/.rvm/gems/ruby-head/gems/actionpack-4.1.6/lib/action_dispatch/middleware/static.rb:64:in `call'
     # /Users/ymmtmdk/.rvm/gems/ruby-head/gems/rack-1.5.2/lib/rack/sendfile.rb:112:in `call'
     # /Users/ymmtmdk/.rvm/gems/ruby-head/gems/railties-4.1.6/lib/rails/engine.rb:514:in `call'
     # /Users/ymmtmdk/.rvm/gems/ruby-head/gems/railties-4.1.6/lib/rails/application.rb:144:in `call'
     # /Users/ymmtmdk/.rvm/gems/ruby-head/gems/rack-1.5.2/lib/rack/builder.rb:138:in `call'
     # /Users/ymmtmdk/.rvm/gems/ruby-head/gems/rack-1.5.2/lib/rack/urlmap.rb:65:in `block in call'
     # /Users/ymmtmdk/.rvm/gems/ruby-head/gems/rack-1.5.2/lib/rack/urlmap.rb:50:in `each'
     # /Users/ymmtmdk/.rvm/gems/ruby-head/gems/rack-1.5.2/lib/rack/urlmap.rb:50:in `call'
     # /Users/ymmtmdk/.rvm/gems/ruby-head/gems/rack-1.5.2/lib/rack/lock.rb:17:in `call'
     # /Users/ymmtmdk/.rvm/gems/ruby-head/gems/rack-test-0.6.2/lib/rack/mock_session.rb:30:in `request'
     # /Users/ymmtmdk/.rvm/gems/ruby-head/gems/rack-test-0.6.2/lib/rack/test.rb:230:in `process_request'
     # /Users/ymmtmdk/.rvm/gems/ruby-head/gems/rack-test-0.6.2/lib/rack/test.rb:66:in `post'
     # /Users/ymmtmdk/.rvm/gems/ruby-head/gems/capybara-2.4.3/lib/capybara/rack_test/browser.rb:60:in `process'
     # /Users/ymmtmdk/.rvm/gems/ruby-head/gems/capybara-2.4.3/lib/capybara/rack_test/browser.rb:35:in `process_and_follow_redirects'
     # /Users/ymmtmdk/.rvm/gems/ruby-head/gems/capybara-2.4.3/lib/capybara/rack_test/browser.rb:26:in `submit'
     # /Users/ymmtmdk/.rvm/gems/ruby-head/gems/capybara-2.4.3/lib/capybara/rack_test/form.rb:75:in `submit'
     # /Users/ymmtmdk/.rvm/gems/ruby-head/gems/capybara-2.4.3/lib/capybara/rack_test/node.rb:60:in `click'
     # /Users/ymmtmdk/.rvm/gems/ruby-head/gems/capybara-2.4.3/lib/capybara/node/element.rb:133:in `block in click'
     # /Users/ymmtmdk/.rvm/gems/ruby-head/gems/capybara-2.4.3/lib/capybara/node/base.rb:84:in `synchronize'
     # /Users/ymmtmdk/.rvm/gems/ruby-head/gems/capybara-2.4.3/lib/capybara/node/element.rb:133:in `click'
     # /Users/ymmtmdk/.rvm/gems/ruby-head/gems/capybara-2.4.3/lib/capybara/node/actions.rb:37:in `click_button'
     # /Users/ymmtmdk/.rvm/gems/ruby-head/gems/capybara-2.4.3/lib/capybara/session.rb:676:in `block (2 levels) in <class:Session>'
     # /Users/ymmtmdk/.rvm/gems/ruby-head/gems/capybara-2.4.3/lib/capybara/dsl.rb:51:in `block (2 levels) in <module:DSL>'
     # ./spec/requests/users_spec.rb:12:in `block (2 levels) in <top (required)>'

Finished in 0.13177 seconds (files took 1.75 seconds to load)
1 example, 1 failure

Failed examples:

rspec ./spec/requests/users_spec.rb:11 # Users should create a user
